\BOOKMARK [0][-]{chapter.1}{\376\377\000I\000n\000t\000r\000o\000d\000u\000c\000t\000i\000o\000n\000\040\000G\000\351\000n\000\351\000r\000a\000l\000e}{}% 1
\BOOKMARK [1][-]{section.1.1}{\376\377\000c\000o\000n\000t\000e\000x\000t\000e}{chapter.1}% 2
\BOOKMARK [1][-]{section.1.2}{\376\377\000P\000r\000o\000b\000l\000\351\000m\000a\000t\000i\000q\000u\000e}{chapter.1}% 3
\BOOKMARK [1][-]{section.1.3}{\376\377\000O\000b\000j\000e\000c\000t\000i\000f\000s}{chapter.1}% 4
\BOOKMARK [0][-]{chapter.2}{\376\377\000P\000r\000\351\000s\000e\000n\000t\000a\000t\000i\000o\000n\000\040\000d\000e\000\040\000l\000'\000o\000r\000g\000a\000n\000i\000s\000m\000e\000\040\000d\000'\000a\000c\000c\000e\000u\000i\000l}{}% 5
\BOOKMARK [1][-]{section.2.1}{\376\377\000H\000i\000s\000t\000o\000r\000i\000q\000u\000e\000\040\000e\000t\000\040\000m\000i\000s\000s\000i\000o\000n\000s\000\040\000d\000e\000\040\000l\040\031\000A\000R\000C\000O\000P}{chapter.2}% 6
\BOOKMARK [2][-]{subsection.2.1.1}{\376\377\000H\000i\000s\000t\000o\000r\000i\000q\000u\000e}{section.2.1}% 7
\BOOKMARK [2][-]{subsection.2.1.2}{\376\377\000M\000i\000s\000s\000i\000o\000n\000s\000\040\000d\000e\000\040\000l\040\031\000A\000R\000C\000O\000P}{section.2.1}% 8
\BOOKMARK [1][-]{section.2.2}{\376\377\000L\000e\000s\000\040\000o\000r\000g\000a\000n\000e\000s\000\040\000d\000e\000\040\000l\040\031\000A\000R\000C\000O\000P}{chapter.2}% 9
\BOOKMARK [2][-]{subsection.2.2.1}{\376\377\000L\000e\000\040\000C\000o\000n\000s\000e\000i\000l\000\040\000d\000e\000\040\000r\000\351\000g\000u\000l\000a\000t\000i\000o\000n\000\040\000\050\000C\000R\000\051}{section.2.2}% 10
\BOOKMARK [2][-]{subsection.2.2.2}{\376\377\000L\000e\000\040\000C\000o\000m\000i\000t\000\351\000\040\000d\000e\000\040\000r\000\350\000g\000l\000e\000m\000e\000n\000t\000\040\000d\000e\000s\000\040\000d\000i\000f\000f\000\351\000r\000e\000n\000d\000s\000\040\000\050\000C\000R\000D\000\051}{section.2.2}% 11
\BOOKMARK [2][-]{subsection.2.2.3}{\376\377\000L\000a\000\040\000D\000i\000r\000e\000c\000t\000i\000o\000n\000\040\000g\000\351\000n\000\351\000r\000a\000l\000e}{section.2.2}% 12
\BOOKMARK [0][-]{chapter.3}{\376\377\000D\000\351\000r\000o\000u\000l\000e\000m\000e\000n\000t\000\040\000f\000a\000c\000t\000u\000e\000l\000\040\000d\000u\000\040\000s\000t\000a\000g\000e}{}% 13
\BOOKMARK [1][-]{section.3.1}{\376\377\000\040\000P\000r\000i\000s\000e\000\040\000d\000e\000\040\000f\000o\000n\000c\000t\000i\000o\000n\000\040\000e\000t\000\040\000i\000n\000t\000\351\000g\000r\000a\000t\000i\000o\000n}{chapter.3}% 14
\BOOKMARK [1][-]{section.3.2}{\376\377\000D\000\351\000c\000o\000u\000v\000e\000r\000t\000e\000\040\000d\000u\000\040\000p\000r\000o\000j\000e\000t\000\040\000p\000r\000i\000n\000c\000i\000p\000a\000l\000\040\000e\000t\000\040\000\351\000t\000u\000d\000e\000s\000\040\000p\000r\000\351\000l\000i\000m\000i\000n\000a\000i\000r\000e\000s}{chapter.3}% 15
\BOOKMARK [1][-]{section.3.3}{\376\377\000D\000\351\000v\000e\000l\000o\000p\000p\000e\000m\000e\000n\000t\000\040\000d\000e\000\040\000l\000a\000\040\000s\000o\000l\000u\000t\000i\000o\000n\000\040\000n\000u\000m\000\351\000r\000i\000q\000u\000e}{chapter.3}% 16
\BOOKMARK [1][-]{section.3.4}{\376\377\000P\000a\000r\000t\000i\000c\000i\000p\000a\000t\000i\000o\000n\000\040\000a\000u\000\040\000s\000e\000r\000v\000i\000c\000e\000\040\000d\000e\000\040\000s\000u\000p\000p\000o\000r\000t\000\040\000e\000t\000\040\000a\000u\000x\000\040\000t\000\342\000c\000h\000e\000s\000\040\000t\000e\000c\000h\000n\000i\000q\000u\000e\000s}{chapter.3}% 17
\BOOKMARK [1][-]{section.3.5}{\376\377\000A\000u\000t\000r\000e\000s\000\040\000t\000\342\000c\000h\000e\000s\000\040\000e\000f\000f\000e\000c\000t\000u\000\351\000e\000s\000\040\000p\000e\000n\000d\000a\000n\000t\000\040\000l\000e\000\040\000s\000t\000a\000g\000e}{chapter.3}% 18
\BOOKMARK [1][-]{section.3.6}{\376\377\000F\000i\000n\000a\000l\000i\000s\000a\000t\000i\000o\000n\000\040\000d\000u\000\040\000p\000r\000o\000j\000e\000t\000\040\000e\000t\000\040\000r\000e\000s\000t\000i\000t\000u\000t\000i\000o\000n}{chapter.3}% 19
\BOOKMARK [1][-]{section.3.7}{\376\377\000B\000i\000l\000a\000n\000\040\000e\000t\000\040\000c\000o\000n\000c\000l\000u\000s\000i\000o\000n}{chapter.3}% 20
\BOOKMARK [0][-]{chapter.4}{\376\377\000R\000\351\000a\000l\000i\000s\000a\000t\000i\000o\000n\000\040\000d\000e\000s\000\040\000p\000r\000o\000j\000e\000t\000s}{}% 21
\BOOKMARK [0][-]{chapter.5}{\376\377\000C\000o\000n\000c\000l\000u\000s\000i\000o\000n\000\040\000G\000\351\000n\000\351\000r\000a\000l\000e}{}% 22
